<?xml version="1.0"?>
<!DOCTYPE coverage SYSTEM "http://cobertura.sourceforge.net/xml/coverage-04.dtd">
<coverage 
line-rate="0.67" lines-valid="3" lines-covered="2" branches-valid="0" branches-covered="0" branch-rate="1.00" complexity="0" version="1.0" timestamp="1551901566551">
    <sources>
        <source>--source</source>
        <source>/Users/harumughan/IdeaProjects/testScoverage/src/main/scala</source>
    </sources>
    <packages>
        <package name="org.cloudera" line-rate="0.67" branch-rate="1.00" complexity="0">
            <classes>
                <class 
                name="org.cloudera.HelloWorld" filename="org/cloudera/HelloWorld.scala" line-rate="1.00" branch-rate="1.00" complexity="0">
                    <methods>
                        <method name="org.cloudera/HelloWorld/hello" signature="()V" line-rate="1.00" branch-rate="1.00" complexity="0">
                            <lines>
                                <line number="6" hits="1" branch="false"/>
                            </lines>
                        </method>
                    </methods>
                    <lines>
                        <line number="6" hits="1" branch="false"/>
                    </lines>
</class>
                <class name="org.cloudera.App" filename="org/cloudera/App.scala" line-rate="0.50" branch-rate="1.00" complexity="0">
                    <methods>
                        <method name="org.cloudera/App/hello" signature="()V" line-rate="0.00" branch-rate="0.00" complexity="0">
                            <lines>
                                <line number="6" hits="0" branch="false"/>
                            </lines>
                        </method>
                        <method name="org.cloudera/App/hello2" signature="()V" line-rate="1.00" branch-rate="1.00" complexity="0">
                            <lines>
                                <line number="11" hits="1" branch="false"/>
                            </lines>
                        </method>
                    </methods>
                    <lines>
                        <line number="11" hits="1" branch="false"/>
                        <line number="6" hits="0" branch="false"/>
                    </lines>
                </class>
            </classes>
        </package>
    </packages>
</coverage>
